<?xml version="1.0" encoding="UTF-8"?>
<!-- Generated by org.testng.reporters.JUnitReportReporter -->
<testsuite hostname="DESKTOP-HMKMG6M" failures="0" tests="1" name="testcases.LoginTest" time="45.676" errors="0" timestamp="2024-02-09T23:10:54 IST" skipped="0">
  <testcase classname="testcases.LoginTest" name="loginTest" time="45.676"/>
  <system-out/>
</testsuite> <!-- testcases.LoginTest -->
